
WORKSPACE: H:\2017_3_inch_samples\proprietary_stack\outputimages\Clump\elim
E:\2016_ClarkCounty_imageryclassification\models_scripts\Raster_to_Poly.py-----------------------------------------

WORKSPACE: H:\2017_3_inch_samples\proprietary_stack\outputimages\Clump\elim
E:\2016_ClarkCounty_imageryclassification\models_scripts\Raster_to_Poly.py-----------------------------------------

WORKSPACE: H:\2017_3_inch_samples\proprietary_stack\outputimages\Clump\elim
E:\2016_ClarkCounty_imageryclassification\models_scripts\Raster_to_Poly.py-----------------------------------------

WORKSPACE: H:\2017_3_inch_samples\proprietary_stack\outputimages\Clump\elim
E:\2016_ClarkCounty_imageryclassification\models_scripts\Raster_to_Poly.py-----------------------------------------

WORKSPACE: H:\2017_3_inch_samples\proprietary_stack\outputimages\Clump\elim
E:\2016_ClarkCounty_imageryclassification\models_scripts\Raster_to_Poly.py-----------------------------------------

WORKSPACE: H:\2017_3_inch_samples\proprietary_stack\outputimages\Clump\elim
E:\2016_ClarkCounty_imageryclassification\models_scripts\Raster_to_Poly.py-----------------------------------------

WORKSPACE: H:\2017_3_inch_samples\proprietary_stack\outputimages\Clump\elim
E:\2016_ClarkCounty_imageryclassification\models_scripts\Raster_to_Poly.py-----------------------------------------

WORKSPACE: E:\LiDAR_factor\Classified_final
E:\LiDAR_factor\Scripts\Raster_to_Poly.py-----------------------------------------

WORKSPACE: E:\LiDAR_factor\Classified_final
E:\LiDAR_factor\Scripts\Raster_to_Poly.py-----------------------------------------

WORKSPACE: E:\LiDAR_factor\Classified_final\cond
E:\LiDAR_factor\Scripts\Raster_to_Poly.py-----------------------------------------
